{"/home/mirwais/Documents/Todo-List/src/status.js": {"path":"/home/mirwais/Documents/Todo-List/src/status.js","statementMap":{"0":{"start":{"line":5,"column":28},"end":{"line":26,"column":5}},"1":{"start":{"line":6,"column":20},"end":{"line":6,"column":42}},"2":{"start":{"line":7,"column":19},"end":{"line":7,"column":27}},"3":{"start":{"line":9,"column":6},"end":{"line":17,"column":9}},"4":{"start":{"line":10,"column":8},"end":{"line":16,"column":9}},"5":{"start":{"line":11,"column":10},"end":{"line":15,"column":11}},"6":{"start":{"line":12,"column":12},"end":{"line":12,"column":34}},"7":{"start":{"line":14,"column":12},"end":{"line":14,"column":35}},"8":{"start":{"line":20,"column":6},"end":{"line":20,"column":34}},"9":{"start":{"line":23,"column":6},"end":{"line":23,"column":32}},"10":{"start":{"line":25,"column":6},"end":{"line":25,"column":19}},"11":{"start":{"line":29,"column":28},"end":{"line":43,"column":5}},"12":{"start":{"line":31,"column":20},"end":{"line":31,"column":42}},"13":{"start":{"line":34,"column":27},"end":{"line":34,"column":69}},"14":{"start":{"line":34,"column":47},"end":{"line":34,"column":68}},"15":{"start":{"line":37,"column":6},"end":{"line":37,"column":67}},"16":{"start":{"line":40,"column":6},"end":{"line":40,"column":32}},"17":{"start":{"line":42,"column":6},"end":{"line":42,"column":26}}},"fnMap":{"0":{"name":"(anonymous_0)","decl":{"start":{"line":5,"column":28},"end":{"line":5,"column":29}},"loc":{"start":{"line":5,"column":35},"end":{"line":26,"column":5}},"line":5},"1":{"name":"(anonymous_1)","decl":{"start":{"line":9,"column":20},"end":{"line":9,"column":21}},"loc":{"start":{"line":9,"column":30},"end":{"line":17,"column":7}},"line":9},"2":{"name":"(anonymous_2)","decl":{"start":{"line":29,"column":28},"end":{"line":29,"column":29}},"loc":{"start":{"line":29,"column":34},"end":{"line":43,"column":5}},"line":29},"3":{"name":"(anonymous_3)","decl":{"start":{"line":34,"column":40},"end":{"line":34,"column":41}},"loc":{"start":{"line":34,"column":47},"end":{"line":34,"column":68}},"line":34}},"branchMap":{"0":{"loc":{"start":{"line":10,"column":8},"end":{"line":16,"column":9}},"type":"if","locations":[{"start":{"line":10,"column":8},"end":{"line":16,"column":9}},{"start":{},"end":{}}],"line":10},"1":{"loc":{"start":{"line":11,"column":10},"end":{"line":15,"column":11}},"type":"if","locations":[{"start":{"line":11,"column":10},"end":{"line":15,"column":11}},{"start":{"line":13,"column":17},"end":{"line":15,"column":11}}],"line":11}},"s":{"0":2,"1":2,"2":2,"3":2,"4":8,"5":2,"6":1,"7":1,"8":2,"9":2,"10":2,"11":2,"12":1,"13":1,"14":4,"15":1,"16":1,"17":1},"f":{"0":2,"1":8,"2":1,"3":4},"b":{"0":[2,6],"1":[1,1]},"_coverageSchema":"1a1c01bbd47fc00a2c39e90264f33305004495a9","hash":"46d8c1238dae0192ec45d884a03198c0536fceca"}
,"/home/mirwais/Documents/Todo-List/src/todo.js": {"path":"/home/mirwais/Documents/Todo-List/src/todo.js","statementMap":{"0":{"start":{"line":3,"column":4},"end":{"line":3,"column":23}},"1":{"start":{"line":4,"column":4},"end":{"line":4,"column":35}},"2":{"start":{"line":5,"column":4},"end":{"line":5,"column":31}}},"fnMap":{"0":{"name":"(anonymous_0)","decl":{"start":{"line":2,"column":2},"end":{"line":2,"column":3}},"loc":{"start":{"line":2,"column":53},"end":{"line":6,"column":3}},"line":2}},"branchMap":{"0":{"loc":{"start":{"line":2,"column":34},"end":{"line":2,"column":51}},"type":"default-arg","locations":[{"start":{"line":2,"column":46},"end":{"line":2,"column":51}}],"line":2}},"s":{"0":1,"1":1,"2":1},"f":{"0":1},"b":{"0":[1]},"_coverageSchema":"1a1c01bbd47fc00a2c39e90264f33305004495a9","hash":"3a489afff270f970ab5da0f1a55583283c4307df"}
,"/home/mirwais/Documents/Todo-List/src/utils.js": {"path":"/home/mirwais/Documents/Todo-List/src/utils.js","statementMap":{"0":{"start":{"line":7,"column":19},"end":{"line":33,"column":3}},"1":{"start":{"line":8,"column":19},"end":{"line":8,"column":41}},"2":{"start":{"line":10,"column":4},"end":{"line":30,"column":5}},"3":{"start":{"line":12,"column":6},"end":{"line":14,"column":7}},"4":{"start":{"line":13,"column":8},"end":{"line":13,"column":22}},"5":{"start":{"line":17,"column":20},"end":{"line":17,"column":39}},"6":{"start":{"line":20,"column":19},"end":{"line":20,"column":40}},"7":{"start":{"line":23,"column":6},"end":{"line":23,"column":26}},"8":{"start":{"line":26,"column":6},"end":{"line":26,"column":37}},"9":{"start":{"line":29,"column":6},"end":{"line":29,"column":32}},"10":{"start":{"line":32,"column":4},"end":{"line":32,"column":20}},"11":{"start":{"line":36,"column":22},"end":{"line":88,"column":3}},"12":{"start":{"line":38,"column":26},"end":{"line":38,"column":62}},"13":{"start":{"line":41,"column":4},"end":{"line":41,"column":37}},"14":{"start":{"line":43,"column":17},"end":{"line":43,"column":39}},"15":{"start":{"line":46,"column":4},"end":{"line":65,"column":5}},"16":{"start":{"line":47,"column":6},"end":{"line":64,"column":9}},"17":{"start":{"line":49,"column":24},"end":{"line":49,"column":57}},"18":{"start":{"line":52,"column":19},"end":{"line":52,"column":47}},"19":{"start":{"line":53,"column":8},"end":{"line":53,"column":41}},"20":{"start":{"line":56,"column":8},"end":{"line":58,"column":9}},"21":{"start":{"line":57,"column":10},"end":{"line":57,"column":38}},"22":{"start":{"line":61,"column":8},"end":{"line":61,"column":255}},"23":{"start":{"line":63,"column":8},"end":{"line":63,"column":38}},"24":{"start":{"line":68,"column":23},"end":{"line":68,"column":59}},"25":{"start":{"line":69,"column":4},"end":{"line":73,"column":7}},"26":{"start":{"line":70,"column":6},"end":{"line":72,"column":9}},"27":{"start":{"line":71,"column":8},"end":{"line":71,"column":52}},"28":{"start":{"line":76,"column":17},"end":{"line":76,"column":56}},"29":{"start":{"line":77,"column":4},"end":{"line":81,"column":7}},"30":{"start":{"line":78,"column":6},"end":{"line":80,"column":9}},"31":{"start":{"line":79,"column":8},"end":{"line":79,"column":76}},"32":{"start":{"line":79,"column":46},"end":{"line":79,"column":76}},"33":{"start":{"line":84,"column":24},"end":{"line":84,"column":62}},"34":{"start":{"line":85,"column":4},"end":{"line":87,"column":7}},"35":{"start":{"line":86,"column":6},"end":{"line":86,"column":72}},"36":{"start":{"line":86,"column":42},"end":{"line":86,"column":70}},"37":{"start":{"line":91,"column":16},"end":{"line":104,"column":3}},"38":{"start":{"line":92,"column":18},"end":{"line":92,"column":40}},"39":{"start":{"line":95,"column":4},"end":{"line":98,"column":5}},"40":{"start":{"line":96,"column":6},"end":{"line":96,"column":44}},"41":{"start":{"line":97,"column":6},"end":{"line":97,"column":34}},"42":{"start":{"line":101,"column":4},"end":{"line":101,"column":30}},"43":{"start":{"line":103,"column":4},"end":{"line":103,"column":17}},"44":{"start":{"line":107,"column":18},"end":{"line":122,"column":3}},"45":{"start":{"line":109,"column":16},"end":{"line":109,"column":38}},"46":{"start":{"line":112,"column":4},"end":{"line":112,"column":27}},"47":{"start":{"line":115,"column":4},"end":{"line":115,"column":44}},"48":{"start":{"line":116,"column":4},"end":{"line":116,"column":32}},"49":{"start":{"line":119,"column":4},"end":{"line":119,"column":30}},"50":{"start":{"line":121,"column":4},"end":{"line":121,"column":17}}},"fnMap":{"0":{"name":"(anonymous_0)","decl":{"start":{"line":7,"column":19},"end":{"line":7,"column":20}},"loc":{"start":{"line":7,"column":29},"end":{"line":33,"column":3}},"line":7},"1":{"name":"(anonymous_1)","decl":{"start":{"line":36,"column":22},"end":{"line":36,"column":23}},"loc":{"start":{"line":36,"column":28},"end":{"line":88,"column":3}},"line":36},"2":{"name":"(anonymous_2)","decl":{"start":{"line":47,"column":19},"end":{"line":47,"column":20}},"loc":{"start":{"line":47,"column":29},"end":{"line":64,"column":7}},"line":47},"3":{"name":"(anonymous_3)","decl":{"start":{"line":69,"column":23},"end":{"line":69,"column":24}},"loc":{"start":{"line":69,"column":39},"end":{"line":73,"column":5}},"line":69},"4":{"name":"(anonymous_4)","decl":{"start":{"line":70,"column":36},"end":{"line":70,"column":37}},"loc":{"start":{"line":70,"column":42},"end":{"line":72,"column":7}},"line":70},"5":{"name":"(anonymous_5)","decl":{"start":{"line":77,"column":17},"end":{"line":77,"column":18}},"loc":{"start":{"line":77,"column":35},"end":{"line":81,"column":5}},"line":77},"6":{"name":"(anonymous_6)","decl":{"start":{"line":78,"column":41},"end":{"line":78,"column":42}},"loc":{"start":{"line":78,"column":48},"end":{"line":80,"column":7}},"line":78},"7":{"name":"(anonymous_7)","decl":{"start":{"line":85,"column":24},"end":{"line":85,"column":25}},"loc":{"start":{"line":85,"column":40},"end":{"line":87,"column":5}},"line":85},"8":{"name":"(anonymous_8)","decl":{"start":{"line":86,"column":36},"end":{"line":86,"column":37}},"loc":{"start":{"line":86,"column":42},"end":{"line":86,"column":70}},"line":86},"9":{"name":"(anonymous_9)","decl":{"start":{"line":91,"column":16},"end":{"line":91,"column":17}},"loc":{"start":{"line":91,"column":39},"end":{"line":104,"column":3}},"line":91},"10":{"name":"(anonymous_10)","decl":{"start":{"line":107,"column":18},"end":{"line":107,"column":19}},"loc":{"start":{"line":107,"column":29},"end":{"line":122,"column":3}},"line":107}},"branchMap":{"0":{"loc":{"start":{"line":10,"column":4},"end":{"line":30,"column":5}},"type":"if","locations":[{"start":{"line":10,"column":4},"end":{"line":30,"column":5}},{"start":{},"end":{}}],"line":10},"1":{"loc":{"start":{"line":12,"column":6},"end":{"line":14,"column":7}},"type":"if","locations":[{"start":{"line":12,"column":6},"end":{"line":14,"column":7}},{"start":{},"end":{}}],"line":12},"2":{"loc":{"start":{"line":46,"column":4},"end":{"line":65,"column":5}},"type":"if","locations":[{"start":{"line":46,"column":4},"end":{"line":65,"column":5}},{"start":{},"end":{}}],"line":46},"3":{"loc":{"start":{"line":49,"column":24},"end":{"line":49,"column":57}},"type":"cond-expr","locations":[{"start":{"line":49,"column":41},"end":{"line":49,"column":50}},{"start":{"line":49,"column":53},"end":{"line":49,"column":57}}],"line":49},"4":{"loc":{"start":{"line":56,"column":8},"end":{"line":58,"column":9}},"type":"if","locations":[{"start":{"line":56,"column":8},"end":{"line":58,"column":9}},{"start":{},"end":{}}],"line":56},"5":{"loc":{"start":{"line":79,"column":8},"end":{"line":79,"column":76}},"type":"if","locations":[{"start":{"line":79,"column":8},"end":{"line":79,"column":76}},{"start":{},"end":{}}],"line":79},"6":{"loc":{"start":{"line":79,"column":12},"end":{"line":79,"column":44}},"type":"binary-expr","locations":[{"start":{"line":79,"column":12},"end":{"line":79,"column":29}},{"start":{"line":79,"column":33},"end":{"line":79,"column":44}}],"line":79},"7":{"loc":{"start":{"line":95,"column":4},"end":{"line":98,"column":5}},"type":"if","locations":[{"start":{"line":95,"column":4},"end":{"line":98,"column":5}},{"start":{},"end":{}}],"line":95}},"s":{"0":1,"1":1,"2":1,"3":1,"4":0,"5":1,"6":1,"7":1,"8":1,"9":1,"10":1,"11":1,"12":1,"13":1,"14":0,"15":0,"16":0,"17":0,"18":0,"19":0,"20":0,"21":0,"22":0,"23":0,"24":0,"25":0,"26":0,"27":0,"28":0,"29":0,"30":0,"31":0,"32":0,"33":0,"34":0,"35":0,"36":0,"37":1,"38":1,"39":1,"40":1,"41":1,"42":1,"43":1,"44":1,"45":1,"46":1,"47":1,"48":1,"49":1,"50":1},"f":{"0":1,"1":1,"2":0,"3":0,"4":0,"5":0,"6":0,"7":0,"8":0,"9":1,"10":1},"b":{"0":[1,0],"1":[0,1],"2":[0,0],"3":[0,0],"4":[0,0],"5":[0,0],"6":[0,0],"7":[1,0]},"_coverageSchema":"1a1c01bbd47fc00a2c39e90264f33305004495a9","hash":"69c1dc2817fd67c5424e947617eabac32d69364d"}
}
